
  .   ____          _            __ _ _
 /\\ / ___'_ __ _ _(_)_ __  __ _ \ \ \ \
( ( )\___ | '_ | '_| | '_ \/ _` | \ \ \ \
 \\/  ___)| |_)| | | | | || (_| |  ) ) ) )
  '  |____| .__|_| |_|_| |_\__, | / / / /
 =========|_|==============|___/=/_/_/_/
 :: Spring Boot ::        (v2.1.2.RELEASE)

2020-03-01 00:26:06.439  INFO 6224 --- [           main] s.manager.turbine.TurbineApplication     : Starting TurbineApplication v0.0.1-SNAPSHOT on Jacys-MBP with PID 6224 (/Users/chairforce/workspace/turbine/target/turbine-0.0.1-SNAPSHOT.jar started by chairforce in /Users/chairforce/workspace/turbine/client)
2020-03-01 00:26:06.441  INFO 6224 --- [           main] s.manager.turbine.TurbineApplication     : The following profiles are active: test
2020-03-01 00:26:07.058  INFO 6224 --- [           main] .s.d.r.c.RepositoryConfigurationDelegate : Bootstrapping Spring Data repositories in DEFAULT mode.
2020-03-01 00:26:07.135  INFO 6224 --- [           main] .s.d.r.c.RepositoryConfigurationDelegate : Finished Spring Data repository scanning in 71ms. Found 6 repository interfaces.
2020-03-01 00:26:07.542  INFO 6224 --- [           main] trationDelegate$BeanPostProcessorChecker : Bean 'org.springframework.transaction.annotation.ProxyTransactionManagementConfiguration' of type [org.springframework.transaction.annotation.ProxyTransactionManagementConfiguration$$EnhancerBySpringCGLIB$$20080215] is not eligible for getting processed by all BeanPostProcessors (for example: not eligible for auto-proxying)
2020-03-01 00:26:07.942  INFO 6224 --- [           main] o.s.b.w.embedded.tomcat.TomcatWebServer  : Tomcat initialized with port(s): 9090 (http)
2020-03-01 00:26:07.973  INFO 6224 --- [           main] o.apache.catalina.core.StandardService   : Starting service [Tomcat]
2020-03-01 00:26:07.973  INFO 6224 --- [           main] org.apache.catalina.core.StandardEngine  : Starting Servlet engine: [Apache Tomcat/9.0.14]
2020-03-01 00:26:07.983  INFO 6224 --- [           main] o.a.catalina.core.AprLifecycleListener   : The APR based Apache Tomcat Native library which allows optimal performance in production environments was not found on the java.library.path: [/Users/chairforce/Library/Java/Extensions:/Library/Java/Extensions:/Network/Library/Java/Extensions:/System/Library/Java/Extensions:/usr/lib/java:.]
2020-03-01 00:26:08.048  INFO 6224 --- [           main] o.a.c.c.C.[Tomcat].[localhost].[/]       : Initializing Spring embedded WebApplicationContext
2020-03-01 00:26:08.049  INFO 6224 --- [           main] o.s.web.context.ContextLoader            : Root WebApplicationContext: initialization completed in 1565 ms
2020-03-01 00:26:08.199  INFO 6224 --- [           main] com.zaxxer.hikari.HikariDataSource       : HikariPool-1 - Starting...
2020-03-01 00:26:08.396  INFO 6224 --- [           main] com.zaxxer.hikari.HikariDataSource       : HikariPool-1 - Start completed.
2020-03-01 00:26:08.466  INFO 6224 --- [           main] o.hibernate.jpa.internal.util.LogHelper  : HHH000204: Processing PersistenceUnitInfo [
	name: default
	...]
2020-03-01 00:26:08.528  INFO 6224 --- [           main] org.hibernate.Version                    : HHH000412: Hibernate Core {5.3.7.Final}
2020-03-01 00:26:08.530  INFO 6224 --- [           main] org.hibernate.cfg.Environment            : HHH000206: hibernate.properties not found
2020-03-01 00:26:08.680  INFO 6224 --- [           main] o.hibernate.annotations.common.Version   : HCANN000001: Hibernate Commons Annotations {5.0.4.Final}
2020-03-01 00:26:08.961  INFO 6224 --- [           main] org.hibernate.dialect.Dialect            : HHH000400: Using dialect: org.hibernate.dialect.H2Dialect
2020-03-01 00:26:09.657  INFO 6224 --- [           main] o.h.t.schema.internal.SchemaCreatorImpl  : HHH000476: Executing import script 'org.hibernate.tool.schema.internal.exec.ScriptSourceInputNonExistentImpl@1e141e42'
2020-03-01 00:26:09.659  INFO 6224 --- [           main] j.LocalContainerEntityManagerFactoryBean : Initialized JPA EntityManagerFactory for persistence unit 'default'
2020-03-01 00:26:10.284  INFO 6224 --- [           main] o.s.s.concurrent.ThreadPoolTaskExecutor  : Initializing ExecutorService 'applicationTaskExecutor'
2020-03-01 00:26:10.339  WARN 6224 --- [           main] aWebConfiguration$JpaWebMvcConfiguration : spring.jpa.open-in-view is enabled by default. Therefore, database queries may be performed during view rendering. Explicitly configure spring.jpa.open-in-view to disable this warning
2020-03-01 00:26:10.421  INFO 6224 --- [           main] o.s.b.a.w.s.WelcomePageHandlerMapping    : Adding welcome page: class path resource [static/index.html]
2020-03-01 00:26:10.576  INFO 6224 --- [           main] o.s.b.w.embedded.tomcat.TomcatWebServer  : Tomcat started on port(s): 9090 (http) with context path ''
2020-03-01 00:26:10.579  INFO 6224 --- [           main] s.manager.turbine.TurbineApplication     : Started TurbineApplication in 4.567 seconds (JVM running for 4.917)
2020-03-01 00:26:10.773  INFO 6224 --- [nio-9090-exec-1] o.a.c.c.C.[Tomcat].[localhost].[/]       : Initializing Spring DispatcherServlet 'dispatcherServlet'
2020-03-01 00:26:10.774  INFO 6224 --- [nio-9090-exec-1] o.s.web.servlet.DispatcherServlet        : Initializing Servlet 'dispatcherServlet'
2020-03-01 00:26:10.781  INFO 6224 --- [nio-9090-exec-1] o.s.web.servlet.DispatcherServlet        : Completed initialization in 7 ms
2020-03-01 00:26:13.143  INFO 6224 --- [nio-9090-exec-8] o.h.h.i.QueryTranslatorFactoryInitiator  : HHH000397: Using ASTQueryTranslatorFactory
